#######################################################################################
# log primitive debug message of FSDB dumping                                         #
# This is for R&D to analyze when there are issues happening when FSDB dump           #
#######################################################################################
ANF: vcsd_get_serial_mode_status('./simv: undefined symbol: vcsd_get_serial_mode_status')
ANF: vcsd_enable_sva_success_callback('./simv: undefined symbol: vcsd_enable_sva_success_callback')
ANF: vcsd_disable_sva_success_callback('./simv: undefined symbol: vcsd_disable_sva_success_callback')
ANF: vcsd_get_power_scope_name('./simv: undefined symbol: vcsd_get_power_scope_name')
ANF: vcsd_dump_var_vpdg('./simv: undefined symbol: vcsd_dump_var_vpdg')
ANF: vcsd_begin_no_value_var_info('./simv: undefined symbol: vcsd_begin_no_value_var_info')
ANF: vcsd_end_no_value_var_info('./simv: undefined symbol: vcsd_end_no_value_var_info')
ANF: vcsd_remove_xprop_merge_mode_callback('./simv: undefined symbol: vcsd_remove_xprop_merge_mode_callback')
ANF: vhpi_get_cb_info('./simv: undefined symbol: vhpi_get_cb_info')
ANF: vhpi_free_handle('./simv: undefined symbol: vhpi_free_handle')
ANF: vhpi_fetch_vcsd_handle('./simv: undefined symbol: vhpi_fetch_vcsd_handle')
ANF: vhpi_fetch_vpi_handle('./simv: undefined symbol: vhpi_fetch_vpi_handle')
ANF: vhpi_has_verilog_parent('./simv: undefined symbol: vhpi_has_verilog_parent')
ANF: vhpi_is_verilog_scope('./simv: undefined symbol: vhpi_is_verilog_scope')
ANF: scsd_xprop_is_enabled('./simv: undefined symbol: scsd_xprop_is_enabled')
ANF: scsd_xprop_sig_is_promoted('./simv: undefined symbol: scsd_xprop_sig_is_promoted')
ANF: scsd_xprop_int_xvalue('./simv: undefined symbol: scsd_xprop_int_xvalue')
ANF: scsd_xprop_bool_xvalue('./simv: undefined symbol: scsd_xprop_bool_xvalue')
ANF: scsd_xprop_enum_xvalue('./simv: undefined symbol: scsd_xprop_enum_xvalue')
ANF: scsd_xprop_register_merge_mode_cb('./simv: undefined symbol: scsd_xprop_register_merge_mode_cb')
ANF: scsd_xprop_delete_merge_mode_cb('./simv: undefined symbol: scsd_xprop_delete_merge_mode_cb')
ANF: scsd_xprop_get_merge_mode('./simv: undefined symbol: scsd_xprop_get_merge_mode')
ANF: scsd_thread_get_info('./simv: undefined symbol: scsd_thread_get_info')
ANF: scsd_thread_vc_init('./simv: undefined symbol: scsd_thread_vc_init')
ANF: scsd_master_set_delta_sync_cbk('./simv: undefined symbol: scsd_master_set_delta_sync_cbk')
ANF: scsd_fgp_get_fsdb_cores('./simv: undefined symbol: scsd_fgp_get_fsdb_cores')
ANF: scsd_fgp_get_is_cpu_affinity_disabled('./simv: undefined symbol: scsd_fgp_get_is_cpu_affinity_disabled')
ANF: vhdi_dt_get_type('./simv: undefined symbol: vhdi_dt_get_type')
ANF: vhdi_dt_get_key('./simv: undefined symbol: vhdi_dt_get_key')
ANF: vhdi_dt_get_vhdl_enum_info('./simv: undefined symbol: vhdi_dt_get_vhdl_enum_info')
ANF: vhdi_dt_get_vhdl_physical_info('./simv: undefined symbol: vhdi_dt_get_vhdl_physical_info')
ANF: vhdi_dt_get_vhdl_array_info('./simv: undefined symbol: vhdi_dt_get_vhdl_array_info')
ANF: vhdi_dt_get_vhdl_record_info('./simv: undefined symbol: vhdi_dt_get_vhdl_record_info')
ANF: vhdi_dt_get_vhdl_integer_range_info('./simv: undefined symbol: vhdi_dt_get_vhdl_integer_range_info')
ANF: vhdi_def_traverse_module('./simv: undefined symbol: vhdi_def_traverse_module')
ANF: vhdi_def_traverse_scope('./simv: undefined symbol: vhdi_def_traverse_scope')
ANF: vhdi_def_traverse_variable('./simv: undefined symbol: vhdi_def_traverse_variable')
ANF: vhdi_def_get_module_id_by_vhpi('./simv: undefined symbol: vhdi_def_get_module_id_by_vhpi')
ANF: vhdi_def_get_handle_by_module_id('./simv: undefined symbol: vhdi_def_get_handle_by_module_id')
ANF: vhdi_def_get_variable_info_by_vhpi('./simv: undefined symbol: vhdi_def_get_variable_info_by_vhpi')
ANF: vhdi_def_free('./simv: undefined symbol: vhdi_def_free')
ANF: vhdi_ist_traverse_scope('./simv: undefined symbol: vhdi_ist_traverse_scope')
ANF: vhdi_ist_traverse_variable('./simv: undefined symbol: vhdi_ist_traverse_variable')
ANF: vhdi_ist_convert_by_vhpi('./simv: undefined symbol: vhdi_ist_convert_by_vhpi')
ANF: vhdi_ist_clone('./simv: undefined symbol: vhdi_ist_clone')
ANF: vhdi_ist_free('./simv: undefined symbol: vhdi_ist_free')
ANF: vhdi_ist_hash_key('./simv: undefined symbol: vhdi_ist_hash_key')
ANF: vhdi_ist_compare('./simv: undefined symbol: vhdi_ist_compare')
ANF: vhdi_ist_get_value_addr('./simv: undefined symbol: vhdi_ist_get_value_addr')
ANF: vhdi_set_scsd_callback('./simv: undefined symbol: vhdi_set_scsd_callback')
ANF: vhdi_cbk_set_force_callback('./simv: undefined symbol: vhdi_cbk_set_force_callback')
ANF: vhdi_trigger_init_force('./simv: undefined symbol: vhdi_trigger_init_force')
ANF: vhdi_ist_check_scsd_callback('./simv: undefined symbol: vhdi_ist_check_scsd_callback')
ANF: vhdi_ist_add_scsd_callback('./simv: undefined symbol: vhdi_ist_add_scsd_callback')
ANF: vhdi_ist_remove_scsd_callback('./simv: undefined symbol: vhdi_ist_remove_scsd_callback')
ANF: vhdi_ist_get_scsd_user_data('./simv: undefined symbol: vhdi_ist_get_scsd_user_data')
ANF: vhdi_add_time_change_callback('./simv: undefined symbol: vhdi_add_time_change_callback')
ANF: vhdi_get_real_value_by_value_addr('./simv: undefined symbol: vhdi_get_real_value_by_value_addr')
ANF: vhdi_get_64_value_by_value_addr('./simv: undefined symbol: vhdi_get_64_value_by_value_addr')
ANF: vhdi_xprop_inst_is_promoted('./simv: undefined symbol: vhdi_xprop_inst_is_promoted')
ANF: vdi_ist_convert_by_vhdi('./simv: undefined symbol: vdi_ist_convert_by_vhdi')
ANF: vhdi_ist_get_module_id('./simv: undefined symbol: vhdi_ist_get_module_id')
ANF: vhdi_refine_foreign_scope_type('./simv: undefined symbol: vhdi_refine_foreign_scope_type')
ANF: vhdi_flush_callback('./simv: undefined symbol: vhdi_flush_callback')
ANF: vhdi_set_orig_name('./simv: undefined symbol: vhdi_set_orig_name')
ANF: vhdi_set_dump_pt('./simv: undefined symbol: vhdi_set_dump_pt')
ANF: vhdi_set_int_subtype('./simv: undefined symbol: vhdi_set_int_subtype')
ANF: vhdi_set_fixed_point('./simv: undefined symbol: vhdi_set_fixed_point')
ANF: vhdi_get_fsdb_option('./simv: undefined symbol: vhdi_get_fsdb_option')
ANF: vhdi_fgp_get_mode('./simv: undefined symbol: vhdi_fgp_get_mode')
ANF: vhdi_node_register_composite_var('./simv: undefined symbol: vhdi_node_register_composite_var')
ANF: vhdi_node_analysis('./simv: undefined symbol: vhdi_node_analysis')
ANF: vhdi_node_id('./simv: undefined symbol: vhdi_node_id')
ANF: vhdi_node_ist_check_scsd_callback('./simv: undefined symbol: vhdi_node_ist_check_scsd_callback')
ANF: vhdi_node_ist_add_scsd_callback('./simv: undefined symbol: vhdi_node_ist_add_scsd_callback')
ANF: vhdi_node_ist_get_value_addr('./simv: undefined symbol: vhdi_node_ist_get_value_addr')
ANF: vhdi_enc_def_traverse_module('./simv: undefined symbol: vhdi_enc_def_traverse_module')
ANF: vhdi_enc_def_traverse_scope('./simv: undefined symbol: vhdi_enc_def_traverse_scope')
ANF: vhdi_enc_def_traverse_variable('./simv: undefined symbol: vhdi_enc_def_traverse_variable')
ANF: vhdi_enc_ist_traverse_scope('./simv: undefined symbol: vhdi_enc_ist_traverse_scope')
ANF: vhdi_enc_ist_traverse_variable('./simv: undefined symbol: vhdi_enc_ist_traverse_variable')
ANF: vhdi_enc_ist_get_module_id('./simv: undefined symbol: vhdi_enc_ist_get_module_id')
ANF: vhdi_enc_def_get_handle_by_module_id('./simv: undefined symbol: vhdi_enc_def_get_handle_by_module_id')
VCS compile option:
 option[0]: ./simv
 option[1]: +noerrorIOPCWM
 option[2]: +vcs+dumparrays
 option[3]: /usr/caen/vcs-2023.12-SP2-1/linux64/bin/vcs1
 option[4]: -Mcc=gcc
 option[5]: -Mcplusplus=g++
 option[6]: -Masflags=
 option[7]: -Mcfl= -pipe -fPIC -O -I/usr/caen/vcs-2023.12-SP2-1/include 
 option[8]: -Mxllcflags=
 option[9]: -Mxcflags= -pipe -fPIC -I/usr/caen/vcs-2023.12-SP2-1/include
 option[10]: -Mldflags= -rdynamic 
 option[11]: -Mout=simv
 option[12]: -Mamsrun=
 option[13]: -Mvcsaceobjs=
 option[14]: -Mobjects= /usr/caen/vcs-2023.12-SP2-1/linux64/lib/libvirsim.so /usr/caen/vcs-2023.12-SP2-1/linux64/lib/liberrorinf.so /usr/caen/vcs-2023.12-SP2-1/linux64/lib/libsnpsmalloc.so /usr/caen/vcs-2023.12-SP2-1/linux64/lib/libvfs.so 
 option[15]: -Mexternalobj=
 option[16]: -Msaverestoreobj=/usr/caen/vcs-2023.12-SP2-1/linux64/lib/vcs_save_restore_new.o
 option[17]: -Mcrt0=
 option[18]: -Mcrtn=
 option[19]: -Mcsrc=
 option[20]: -Mupdate
 option[21]: -Msyslibs=/usr/caen/verdi-2023.12-SP2-1/share/PLI/VCS/LINUX64/pli.a -ldl 
 option[22]: +v2k
 option[23]: +vc
 option[24]: +systemverilogext+sv
 option[25]: -timescale=1ns/1ps
 option[26]: +vcs+lic+wait
 option[27]: +multisource_int_delays
 option[28]: +plusarg_save
 option[29]: +overlap
 option[30]: -full64
 option[31]: -lca
 option[32]: +libext+.v+.vlib+.vh
 option[33]: -cm_libs
 option[34]: yv+celldefine
 option[35]: +neg_tchk
 option[36]: -debug_access+all
 option[37]: +vpi
 option[38]: +vcsd1
 option[39]: +itf+/usr/caen/vcs-2023.12-SP2-1/linux64/lib/vcsdp_lite.tab
 option[40]: -Xcbug=0x1
 option[41]: +noerrorIOPCWM
 option[42]: +nowarnTFMPC
 option[43]: +notimingcheck
 option[44]: +vcs+dumparrays
 option[45]: +memcbk
 option[46]: -o
 option[47]: simv
 option[48]: -picarchive
 option[49]: +cli+1
 option[50]: -debug=1
 option[51]: +memcbk
 option[52]: -P
 option[53]: /usr/caen/verdi-2023.12-SP2-1/share/PLI/VCS/LINUX64/verdi.tab
 option[54]: -fsdb
 option[55]: -sverilog
 option[56]: +vpi
 option[57]: -gen_obj
 option[58]: ../verilog/test/sys_defs.vh
 option[59]: ../verilog/group_scan_mem_reg_if/rwctr.sv
 option[60]: ../verilog/group_scan_mem_reg_if/mem_reg_mux.sv
 option[61]: ../verilog/group_scan_mem_reg_if/syn_pulse_gen.sv
 option[62]: ../verilog/group_scan_mem_reg_if/group_scan_mem_reg_if.sv
 option[63]: ../verilog/share/block_scan.sv
 option[64]: ../verilog/share/group_mux.sv
 option[65]: ../verilog/scan_for_test.sv
 option[66]: ../verilog/reg/cs_reg.sv
 option[67]: ../verilog/sram/spram.sv
 option[68]: ../verilog/test/test_scan.sv
 option[69]: ../verilog/test/CLK_GEN.sv
 option[70]: ./tb_test_scan.sv
 option[71]: -load
 option[72]: /usr/caen/verdi-2023.12-SP2-1/share/PLI/VCS/LINUX64/libnovas.so:FSDBDumpCmd
 option[73]: timescale=1ns/1ps
 option[74]: +noerrorIOPCWM
 option[75]: +vcs+dumparrays
Chronologic Simulation VCS Release V-2023.12-SP2-1_Full64
Linux 5.14.0-611.16.1.el9_7.x86_64 #1 SMP PREEMPT_DYNAMIC Sun Dec 7 05:52:24 EST 2025 x86_64
CPU cores: 9
Limit information:
======================================
cputime		unlimited
filesize		unlimited
datasize		unlimited
stacksize		8192 kbytes
coredumpsize		unlimited
memoryuse		unlimited
vmemoryuse		unlimited
descriptors		524288
memorylocked		8192 kbytes
maxproc		70620
======================================
(Special)Runtime environment variables:

Runtime environment variables:
SHELL=/bin/bash
SESSION_MANAGER=local/unix:@/tmp/.ICE-unix/2603001,unix/unix:/tmp/.ICE-unix/2603001
COLORTERM=truecolor
HISTCONTROL=ignoredups
VCS_TARGET_ARCH=linux64
XDG_MENU_PREFIX=gnome-
TERM_PROGRAM_VERSION=1.103.1
HISTSIZE=1000
HOSTNAME=caen-vnc-mi17.engin.umich.edu
VCS_HOME=/usr/caen/vcs-2023.12-SP2-1
LMOD_CACHED_LOADS=yes
FPATH=/usr/share/lmod/lmod/init/ksh_funcs
MAKE_TERMOUT=/dev/pts/3
_ModuleTable002_=ZCA9ICJmaXhlZCIsCnZhbHVlID0gIjIwMjMuMTItU1AyLTEiLAp9LAp9LAp9LAp9LApmbiA9ICIvdXNyL2NhZW4vbWlzYy9tb2R1bGVzL3Zjcy8yMDIzLjEyLVNQMi0xLmx1YSIsCmZ1bGxOYW1lID0gInZjcy8yMDIzLjEyLVNQMi0xIiwKbG9hZE9yZGVyID0gMywKcHJvcFQgPSB7fSwKc3RhY2tEZXB0aCA9IDAsCnN0YXR1cyA9ICJhY3RpdmUiLAp1c2VyTmFtZSA9ICJ2Y3MvMjAyMy4xMi1TUDItMSIsCndWID0gIjAwMDAwMjAyMy4wMDAwMDAwMTIuKnNwLjAwMDAwMDAwMi4qemZpbmFsLS4wMDAwMDAwMDEuKnpmaW5hbCIsCn0sCnZlcmRpID0gewpmbiA9ICIvdXNyL2NhZW4vbWlzYy9tb2R1bGVzL3ZlcmRpLzIwMjMuMTItU1AyLTEubHVhIiwKZnVsbE5hbWUgPSAidmVyZGkv
__LMOD_REF_COUNT_MODULEPATH=/etc/scl/modulefiles:1;/etc/modulefiles:1;/usr/share/modulefiles:1;/usr/caen/misc/modules:1;/usr/caen/misc/class/modules:1;/usr/share/modulefiles/Linux:1;/usr/share/modulefiles/Core:1;/usr/share/lmod/lmod/modulefiles/Core:1
_ModuleTable005_=Y2Flbi9taXNjL2NsYXNzL21vZHVsZXM6L3Vzci9zaGFyZS9tb2R1bGVmaWxlcy9MaW51eDovdXNyL3NoYXJlL21vZHVsZWZpbGVzL0NvcmU6L3Vzci9zaGFyZS9sbW9kL2xtb2QvbW9kdWxlZmlsZXMvQ29yZSIsCn0K
XMODIFIERS=@im=ibus
VERDI_HOME=/usr/caen/verdi-2023.12-SP2-1
DESKTOP_SESSION=gnome
NO_AT_BRIDGE=1
LMOD_DIR=/usr/share/lmod/lmod/libexec
KRB5CCNAME=KEYRING:persistent:114323793
PWD=/afs/umich.edu/group/e/ece598to/w26/group6/A_Team_Scan_Chain/vsim
LOGNAME=danjchen
XDG_SESSION_DESKTOP=gnome
XDG_SESSION_TYPE=x11
MODULESHOME=/usr/share/lmod/lmod
MANPATH=/usr/share/lmod/lmod/share/man:
_=./simv
XAUTHORITY=/run/gdm/auth-for-danjchen-41M1K3/database
VSCODE_GIT_ASKPASS_NODE=/opt/caen/um/vscode-1.103.1/code/code
GJS_DEBUG_TOPICS=JS ERROR;JS LOG
GDM_LANG=en_US.UTF-8
__LMOD_REF_COUNT_PATH=/usr/caen/verdi-2023.12-SP2-1/bin:1;/usr/caen/vcs-2023.12-SP2-1/bin:1;/usr/caen/matlab-2025a/bin:1;/usr/caen/matlab-2025a/bin/glnxa64:1;/usr/um/vscode-1.70.2/code/bin:1;/usr/caen/vcs-2025.06-1/bin:2;/usr/local/bin:1;/usr/local/sbin:1;/usr/bin:1;/usr/sbin:1;/usr/um/bin:1;/usr/caen/bin:1
HOME=/home/danjchen
USERNAME=danjchen
_ModuleTable_Sz_=5
LANG=en_US.UTF-8
XDG_CURRENT_DESKTOP=GNOME
LMOD_SETTARG_FULL_SUPPORT=no
GIT_ASKPASS=/opt/caen/um/vscode-1.103.1/code/resources/app/extensions/git/dist/askpass.sh
LMOD_VERSION=8.7.65
CHROME_DESKTOP=code.desktop
MFLAGS=
__LMOD_REF_COUNT_LM_LICENSE_FILE=license.dat:1;/usr/caen/FLEXlm/data/license.dat.synopsys:1
_ModuleTable003_=MjAyMy4xMi1TUDItMSIsCmxvYWRPcmRlciA9IDQsCnByb3BUID0ge30sCnN0YWNrRGVwdGggPSAwLApzdGF0dXMgPSAiYWN0aXZlIiwKdXNlck5hbWUgPSAidmVyZGkvMjAyMy4xMi1TUDItMSIsCndWID0gIjAwMDAwMjAyMy4wMDAwMDAwMTIuKnNwLjAwMDAwMDAwMi4qemZpbmFsLS4wMDAwMDAwMDEuKnpmaW5hbCIsCn0sCnZzY29kZSA9IHsKZm4gPSAiL3Vzci9jYWVuL21pc2MvbW9kdWxlcy92c2NvZGUvMS43MC4yLmx1YSIsCmZ1bGxOYW1lID0gInZzY29kZS8xLjcwLjIiLApsb2FkT3JkZXIgPSAxLApwcm9wVCA9IHt9LApzdGFja0RlcHRoID0gMCwKc3RhdHVzID0gImFjdGl2ZSIsCnVzZXJOYW1lID0gInZzY29kZS8xLjcwLjIiLAp3ViA9ICIwMDAwMDAwMDEuMDAwMDAw
GJS_DEBUG_OUTPUT=stderr
MODULEPATH_ROOT=/usr/share/modulefiles
MLM_LICENSE_FILE=/usr/caen/FLEXlm/data/license.dat.matlab
VSCODE_GIT_ASKPASS_EXTRA_ARGS=
XDG_SESSION_CLASS=user
MAKEFLAGS=
LMOD_PKG=/usr/share/lmod/lmod
SNPSLMD_LICENSE_FILE=/usr/caen/FLEXlm/data/license.dat.synopsys
TERM=xterm-256color
__GL_SHADER_DISK_CACHE=0
LESSOPEN=||/usr/bin/lesspipe.sh %s
USER=danjchen
MAKE_TERMERR=/dev/pts/3
VSCODE_GIT_IPC_HANDLE=/run/user/114323793/vscode-git-63c99479bd.sock
LOADEDMODULES=vscode/1.70.2:matlab/2025a:vcs/2023.12-SP2-1:verdi/2023.12-SP2-1
DISPLAY=127.0.0.1:51
LMOD_ROOT=/usr/share/lmod
SHLVL=5
BASH_ENV=/usr/share/lmod/lmod/init/bash
MAKELEVEL=1
LMOD_sys=Linux
QT_IM_MODULE=ibus
LIBGL_DRIVERS_PATH=/usr/caen/matlab-2025a/local/usr/lib64/dri
_ModuleTable001_=X01vZHVsZVRhYmxlXyA9IHsKTVR2ZXJzaW9uID0gMywKY19yZWJ1aWxkVGltZSA9IDcyMDAuMCwKY19zaG9ydFRpbWUgPSAwLjAwOTU3NDE3NDg4MDk4MTQsCmRlcHRoVCA9IHt9LApmYW1pbHkgPSB7fSwKbVQgPSB7Cm1hdGxhYiA9IHsKZm4gPSAiL3Vzci9jYWVuL21pc2MvbW9kdWxlcy9tYXRsYWIvMjAyNWEiLApmdWxsTmFtZSA9ICJtYXRsYWIvMjAyNWEiLApsb2FkT3JkZXIgPSAyLApwcm9wVCA9IHt9LApzdGFja0RlcHRoID0gMCwKc3RhdHVzID0gImFjdGl2ZSIsCnVzZXJOYW1lID0gIm1hdGxhYi8yMDI1YSIsCndWID0gIl4wMDAwMjAyNS4qYS4qemZpbmFsIiwKfSwKdmNzID0gewpkZXBUID0gewpkZXBBID0gewp7CnNuID0gInZlcmRpIiwKdmVyc2lvbiA9IHsKa2lu
LM_LICENSE_FILE=license.dat:/usr/caen/FLEXlm/data/license.dat.synopsys
XDG_RUNTIME_DIR=/run/user/114323793
_ModuleTable004_=MDcwLjAwMDAwMDAwMi4qemZpbmFsIiwKfSwKfSwKbXBhdGhBID0gewoiL2V0Yy9zY2wvbW9kdWxlZmlsZXMiLCAiL2V0Yy9tb2R1bGVmaWxlcyIsICIvdXNyL3NoYXJlL21vZHVsZWZpbGVzIiwgIi91c3IvY2Flbi9taXNjL21vZHVsZXMiLCAiL3Vzci9jYWVuL21pc2MvY2xhc3MvbW9kdWxlcyIsICIvdXNyL3NoYXJlL21vZHVsZWZpbGVzL0xpbnV4IiwgIi91c3Ivc2hhcmUvbW9kdWxlZmlsZXMvQ29yZSIsICIvdXNyL3NoYXJlL2xtb2QvbG1vZC9tb2R1bGVmaWxlcy9Db3JlIiwKfSwKc3lzdGVtQmFzZU1QQVRIID0gIi9ldGMvc2NsL21vZHVsZWZpbGVzOi9ldGMvbW9kdWxlZmlsZXM6L3Vzci9zaGFyZS9tb2R1bGVmaWxlczovdXNyL2NhZW4vbWlzYy9tb2R1bGVzOi91c3Iv
DEBUGINFOD_IMA_CERT_PATH=/etc/keys/ima:
which_declare=declare -f
VSCODE_GIT_ASKPASS_MAIN=/opt/caen/um/vscode-1.103.1/code/resources/app/extensions/git/dist/askpass-main.js
XDG_DATA_DIRS=/home/danjchen/.local/share/flatpak/exports/share:/var/lib/flatpak/exports/share:/usr/share:/usr/local/share:/usr/caen/misc/menus
GDK_BACKEND=x11
PATH=/usr/caen/verdi-2023.12-SP2-1/bin:/usr/caen/vcs-2023.12-SP2-1/bin:/usr/caen/matlab-2025a/bin:/usr/caen/matlab-2025a/bin/glnxa64:/usr/um/vscode-1.70.2/code/bin:/usr/caen/vcs-2025.06-1/bin:/usr/local/bin:/usr/local/sbin:/usr/bin:/usr/sbin:/usr/um/bin:/usr/caen/bin
MODULEPATH=/etc/scl/modulefiles:/etc/modulefiles:/usr/share/modulefiles:/usr/caen/misc/modules:/usr/caen/misc/class/modules:/usr/share/modulefiles/Linux:/usr/share/modulefiles/Core:/usr/share/lmod/lmod/modulefiles/Core
GDMSESSION=gnome
_LMFILES_=/usr/caen/misc/modules/vscode/1.70.2.lua:/usr/caen/misc/modules/matlab/2025a:/usr/caen/misc/modules/vcs/2023.12-SP2-1.lua:/usr/caen/misc/modules/verdi/2023.12-SP2-1.lua
ORIGINAL_XDG_CURRENT_DESKTOP=GNOME
DBUS_SESSION_BUS_ADDRESS=unix:abstract=/tmp/dbus-ivCNrsEO3Q,guid=c67a7881453090236988631569925962
LMOD_CMD=/usr/share/lmod/lmod/libexec/lmod
MAIL=/var/spool/mail/danjchen
GIO_LAUNCHED_DESKTOP_FILE_PID=2604373
GIO_LAUNCHED_DESKTOP_FILE=/usr/caen/misc/menus/applications/DEVELOPMENT-VisualStudioCode1.92.2.desktop
OLDPWD=/afs/umich.edu/group/e/ece598to/w26/group6/A_Team_Scan_Chain
TERM_PROGRAM=vscode
BASH_FUNC_ml%%=() {  eval "$($LMOD_DIR/ml_cmd "$@")"
}
BASH_FUNC_which%%=() {  ( alias;
 eval ${which_declare} ) | /usr/bin/which --tty-only --read-alias --read-functions --show-tilde --show-dot $@
}
BASH_FUNC_module%%=() {  if [ -z "${LMOD_SH_DBG_ON+x}" ]; then
 case "$-" in 
 *v*x*)
 __lmod_sh_dbg='vx'
 ;;
 *v*)
 __lmod_sh_dbg='v'
 ;;
 *x*)
 __lmod_sh_dbg='x'
 ;;
 esac;
 fi;
 if [ -n "${__lmod_sh_dbg:-}" ]; then
 set +$__lmod_sh_dbg;
 echo "Shell debugging temporarily silenced: export LMOD_SH_DBG_ON=1 for Lmod's output" 1>&2;
 fi;
 eval "$($LMOD_CMD shell "$@")" && eval "$(${LMOD_SETTARG_CMD:-:} -s sh)";
 __lmod_my_status=$?;
 if [ -n "${__lmod_sh_dbg:-}" ]; then
 echo "Shell debugging restarted" 1>&2;
 set -$__lmod_sh_dbg;
 fi;
 unset __lmod_sh_dbg;
 return $__lmod_my_status
}
BASH_FUNC_scl%%=() {  if [ "$1" = "load" -o "$1" = "unload" ]; then
 eval "module $@";
 else
 /usr/bin/scl "$@";
 fi
}
VCS_PATHMAP_PRELOAD_DONE=1
VCS_STACK_EXEC=true
VCS_EXEC_DONE=1
LC_ALL=C
DVE=/usr/caen/vcs-2023.12-SP2-1/gui/dve
SPECMAN_OUTPUT_TO_TTY=1
FLEXLM_BORROWFILE=/home/danjchen/.caen-vnc-mi17.engin.umich.edu-borrow.txt
Runtime command line arguments:
argv[0]=./simv
argv[1]=+noerrorIOPCWM
argv[2]=+vcs+dumparrays
288 profile - 100
          CPU/Mem usage: 0.060 sys,  0.190 user,  244.99M mem
289 Elapsed time:    0:00:01    Sun Feb 15 21:51:29 2026
290 User CPU time used: 0 seconds
291 System CPU time used: 0 seconds
292 pliAppInit
293 [SC]Init: MemoryConsumed=0.00MB ElapsedTime=0hour 0min. 0sec.
294 FSDB_GATE is set.
295 FSDB_RTL is set.
296 FSDB_PACKED_MODE is enabled.
297 FSDB_GATE_PACKED is enabled.
298 FSDB_ALIAS_ARRAY_ELEM is set to 4294967295.
299 Enable Parallel Dumping.
300 pliAppMiscSet: New Sim Round
301 pliEntryInit
302 LIBSSCORE=found /usr/caen/verdi-2023.12-SP2-1/share/PLI/lib/LINUXAMD64/libsscore_vcs202312.so through $NOVAS_HOME setting.
303 FSDB Dumper for VCS, Release Verdi_V-2023.12-SP2-1, Linux x86_64/64bit, 07/15/2024
304 (C) 1996 - 2024 by Synopsys, Inc.
305 sps_call_fsdbDumpfile_main at 0 : ./tb_test_scan.sv(104)
306 argv[0]: (tb_test_scan.fsdb)
307 *Verdi* : Create FSDB file 'tb_test_scan.fsdb'
308 [spi_vcs_vd_ppi_create_root]: no upf option
309 compile option from '/afs/umich.edu/group/e/ece598to/w26/group6/A_Team_Scan_Chain/vsim/simv.daidir/vcs_rebuild'.
310   "vcs '+v2k' '+vc' '-sverilog' '+systemverilogext+sv' '-timescale=1ns/1ps' '+vcs+lic+wait' '+multisource_int_delays' '+plusarg_save' '+overlap' '-full64' '-Mupdate' '-lca' '+libext+.v+.vlib+.vh' '-cm_libs' 'yv+celldefine' '+neg_tchk' '-debug_access+all' '-debug_pp' '+noerrorIOPCWM' '+nowarnTFMPC' '+notimingcheck' '+vcs+dumparrays' '+memcbk' '../verilog/test/sys_defs.vh' '../verilog/group_scan_mem_reg_if/rwctr.sv' '../verilog/group_scan_mem_reg_if/mem_reg_mux.sv' '../verilog/group_scan_mem_reg_if/syn_pulse_gen.sv' '../verilog/group_scan_mem_reg_if/group_scan_mem_reg_if.sv' '../verilog/share/block_scan.sv' '../verilog/share/group_mux.sv' '../verilog/scan_for_test.sv' '../verilog/reg/cs_reg.sv' '../verilog/sram/spram.sv' '../verilog/test/test_scan.sv' '../verilog/test/CLK_GEN.sv' './tb_test_scan.sv' '-o' 'simv' 2>&1"
311 DVDI_is_vir_unload_enabled is enable
312 FSDB_VCS_ENABLE_NATIVE_VC is enable
313 sps_call_fsdbDumpvars_vd_main at 0 : ./tb_test_scan.sv(105)
314 argv[0]: (0)
315 argv[1]: (handle) tb_test_scan
316 argv[2]: (+struct)
317 *Verdi* : Begin traversing the scope (tb_test_scan), layer (0).
318 *Verdi* : Enable +struct dumping.
319 *Verdi* : End of traversing.
320 pliAppHDL_DumpVarComplete traverse var: profile - 
          CPU/Mem usage: 0.080 sys,  0.200 user,  343.74M mem
                   incr: 0.010 sys,  0.010 user,  8.50M mem
                   accu: 0.010 sys,  0.010 user,  8.50M mem
              accu incr: 0.010 sys,  0.010 user,  8.50M mem

          Count usage: 244 var,  226 idcode,  79 callback
                 incr: 244 var,  226 idcode,  79 callback
                 accu: 244 var,  226 idcode,  79 callback
            accu incr: 244 var,  226 idcode,  79 callback
321 Elapsed time:    0:00:01    Sun Feb 15 21:51:29 2026
322 User CPU time used: 0 seconds
323 System CPU time used: 0 seconds
324 pliAppHDL_DumpVarComplete: profile - 
          CPU/Mem usage: 0.080 sys,  0.200 user,  344.79M mem
                   incr: 0.000 sys,  0.000 user,  1.05M mem
                   accu: 0.010 sys,  0.010 user,  9.55M mem
              accu incr: 0.000 sys,  0.000 user,  1.05M mem

          Count usage: 244 var,  226 idcode,  79 callback
                 incr: 0 var,  0 idcode,  0 callback
                 accu: 244 var,  226 idcode,  79 callback
            accu incr: 0 var,  0 idcode,  0 callback
325 Elapsed time:    0:00:01    Sun Feb 15 21:51:29 2026
326 User CPU time used: 0 seconds
327 System CPU time used: 0 seconds
328 sps_call_fsdbDumpvars_vd_main at 0 : ./tb_test_scan.sv(106)
329 argv[0]: (+mda)
330 *Verdi* : Begin traversing the scopes, layer (0).
331 *Verdi* : Enable +mda dumping.
332 *Verdi* : End of traversing.
333 pliAppHDL_DumpVarComplete traverse var: profile - 
          CPU/Mem usage: 0.080 sys,  0.200 user,  344.79M mem
                   incr: 0.000 sys,  0.000 user,  0.00M mem
                   accu: 0.000 sys,  0.000 user,  0.00M mem
              accu incr: 0.000 sys,  0.000 user,  0.00M mem

          Count usage: 491 var,  229 idcode,  82 callback
                 incr: 247 var,  3 idcode,  3 callback
                 accu: 247 var,  3 idcode,  3 callback
            accu incr: 247 var,  3 idcode,  3 callback
334 Elapsed time:    0:00:01    Sun Feb 15 21:51:29 2026
335 User CPU time used: 0 seconds
336 System CPU time used: 0 seconds
337 pliAppHDL_DumpVarComplete: profile - 
          CPU/Mem usage: 0.080 sys,  0.200 user,  344.79M mem
                   incr: 0.000 sys,  0.000 user,  0.00M mem
                   accu: 0.000 sys,  0.000 user,  0.00M mem
              accu incr: 0.000 sys,  0.000 user,  0.00M mem

          Count usage: 491 var,  229 idcode,  82 callback
                 incr: 0 var,  0 idcode,  0 callback
                 accu: 247 var,  3 idcode,  3 callback
            accu incr: 0 var,  0 idcode,  0 callback
338 Elapsed time:    0:00:01    Sun Feb 15 21:51:29 2026
339 User CPU time used: 0 seconds
340 System CPU time used: 0 seconds
341 End of simulation at 5000000000000
342 Memory usage: 421.876 M
343 Maximum resident set size: 141 MB
344 Hard page faults: 0
345 Soft page faults: 13737
346 Elapsed time:    0:00:01    Sun Feb 15 21:51:29 2026
347 User CPU time used: 0 seconds
348 System CPU time used: 0 seconds
349 Begin FSDB profile info:
350 FSDB Writer : bc1(1003109) bcn(1591) mtf/stf(0/1)
FSDB Writer elapsed time : flush(0.014822) io wait(0.000000) theadpool wait(0.000000)
FSDB Writer cpu time : MT Compression : 0
351 End FSDB profile info
352 FSDB closed. Name: tb_test_scan.fsdb Size: 19512
353 Parallel profile     - ProducerThread:1 ConsumerThread:1 Buffer:64MB
354                      - BlockUsed:14 Acquire:0 BufferUsed:27241992
355                      - Flush:4 Expand:0 ProducerWait:0 ConsumerWait:12
356                      - MainProducerTime:0.560222026 TotalConsumerTime:0.069837357
357                      - ElapsedTime:0.607676000
358 Producer   0 profile - BlockUsed:14 Acquire:0 BufferUsed:27241992
359 Consumer   0 profile - Affinity:-1 CPUTime:0.069837357 LifeTime:0.404451191 (0.17%)
360                      - BlockUsed:14 Acquire:0 BufferUsed:27241992
361 SimExit
362 Elapsed time:    0:00:02    Sun Feb 15 21:51:30 2026
363 User CPU time used: 0 seconds
364 System CPU time used: 0 seconds
365 Sim process exit
