#######################################################################################
# fsdb.xxxxx.log : log primitive debug message of FSDB Reader
# This is for R&D to analyze when there are issues happening when FSDB reading
# The corresponding FSDB file is /afs/umich.edu/group/e/ece598to/w26/tutorial/A_Team_Scan_Chain/vsim/tb_test_scan.fsdb
#######################################################################################
[BASIC]Reader version : Chronologic Simulation VCS Release V-2023.12-SP2-1_Full64
[BASIC]simulator version : Chronologic Simulation VCS Release V-2023.12-SP2-1_Full64
[BASIC]dumper version : FSDB Dumper for VCS, Release Verdi_V-2023.12-SP2-1, Linux x86_64/64bit, 07/15/2024
Async open disabled.
[THREAD]The MTR thread count is 6
[READSCOPE]ReadScopeTree calling time is 1
[READSCOPE]ReadScope_PartialLoad calling time is 0
[READSCOPE]Scope read by partial load count is 0
[READSCOPE]Scope read count is 3
[READSCOPE]Decompressed blk is 2
[MAXCHAIN]Decompressed cnt 1
[PERF]VC decompress count : 14
[PERF]VCChain decompress count : 74
[FSDBGate Info] start
[FSDBGate Info] Total fhdb_compute_count = 5637
[FSDBGate Info] end
